<?xml version="1.0" encoding="UTF-8"?>
<testng-results skipped="0" failed="0" total="1" passed="1">
  <reporter-output>
  </reporter-output>
  <suite name="Default suite" duration-ms="1806" started-at="2019-10-17T18:59:24Z" finished-at="2019-10-17T18:59:25Z">
    <groups>
    </groups>
    <test name="Default test" duration-ms="1806" started-at="2019-10-17T18:59:24Z" finished-at="2019-10-17T18:59:25Z">
      <class name="com.apex.webservices.tests.ClientServerPostRequest">
        <test-method status="PASS" signature="clientServerPostRequest()[pri:0, instance:com.apex.webservices.tests.ClientServerPostRequest@4439f31e]" name="clientServerPostRequest" duration-ms="1775" started-at="2019-10-17T11:59:24Z" finished-at="2019-10-17T11:59:25Z">
          <reporter-output>
          </reporter-output>
        </test-method> <!-- clientServerPostRequest -->
      </class> <!-- com.apex.webservices.tests.ClientServerPostRequest -->
    </test> <!-- Default test -->
  </suite> <!-- Default suite -->
</testng-results>
